<?xml version="1.0" encoding="UTF-8"?>
<testsuite xmlns:xsi="http://www.w3.org/2001/XMLSchema-instance" xsi:noNamespaceSchemaLocation="https://maven.apache.org/surefire/maven-surefire-plugin/xsd/surefire-test-report-3.0.xsd" version="3.0" name="com.ecom.ECommerceProjectApplicationTests" time="3.629" tests="1" errors="0" skipped="0" failures="0">
  <properties>
[...]
</properties>
  <testcase name="contextLoads" classname="com.ecom.ECommerceProjectApplicationTests" time="0.883">
    <system-out><![CDATA[21:39:08.436 [main] INFO org.springframework.test.context.support.AnnotationConfigContextLoaderUtils -- Could not detect default configuration classes for test class [com.ecom.ECommerceProjectApplicationTests]: ECommerceProjectApplicationTests does not declare any static, non-private, non-final, nested classes annotated with @Configuration.
21:39:08.558 [main] INFO org.springframework.boot.test.context.SpringBootTestContextBootstrapper -- Found @SpringBootConfiguration com.ecom.ECommerceProjectApplication for test class com.ecom.ECommerceProjectApplicationTests

  .   ____          _            __ _ _
 /\\ / ___'_ __ _ _(_)_ __  __ _ \ \ \ \
( ( )\___ | '_ | '_| | '_ \/ _` | \ \ \ \
 \\/  ___)| |_)| | | | | || (_| |  ) ) ) )
  '  |____| .__|_| |_|_| |_\__, | / / / /
 =========|_|==============|___/=/_/_/_/
 :: Spring Boot ::                (v3.1.9)

2024-06-30T21:39:08.969+05:30  INFO 16540 --- [           main] c.ecom.ECommerceProjectApplicationTests  : Starting ECommerceProjectApplicationTests using Java 18.0.2.1 with PID 16540 (started by user in C:\Users\user\Desktop\Learning\ecom\ecom)
2024-06-30T21:39:08.970+05:30  INFO 16540 --- [           main] c.ecom.ECommerceProjectApplicationTests  : No active profile set, falling back to 1 default profile: "default"
2024-06-30T21:39:09.514+05:30  INFO 16540 --- [           main] .s.d.r.c.RepositoryConfigurationDelegate : Bootstrapping Spring Data JDBC repositories in DEFAULT mode.
2024-06-30T21:39:09.534+05:30  INFO 16540 --- [           main] .s.d.r.c.RepositoryConfigurationDelegate : Finished Spring Data repository scanning in 13 ms. Found 0 JDBC repository interfaces.
2024-06-30T21:39:10.426+05:30  INFO 16540 --- [           main] com.zaxxer.hikari.HikariDataSource       : HikariPool-1 - Starting...
2024-06-30T21:39:10.833+05:30  INFO 16540 --- [           main] com.zaxxer.hikari.pool.HikariPool        : HikariPool-1 - Added connection com.mysql.cj.jdbc.ConnectionImpl@4a2bf50f
2024-06-30T21:39:10.835+05:30  INFO 16540 --- [           main] com.zaxxer.hikari.HikariDataSource       : HikariPool-1 - Start completed.
2024-06-30T21:39:10.983+05:30  INFO 16540 --- [           main] c.ecom.ECommerceProjectApplicationTests  : Started ECommerceProjectApplicationTests in 2.246 seconds (process running for 3.109)
]]></system-out>
  </testcase>
</testsuite>